<?xml version="1.0" encoding="UTF-8"?><testrun name="TestRunner" project="OpenCart" tests="12" started="12" failures="0" errors="24" ignored="0">
  <testsuite name="runner.TestRunner" time="0.98">
    <testsuite name="Login Functionality" time="0.729">
      <testcase name="Login with valid credentials #1" classname="Login Functionality" time="0.405">
        <error>java.lang.NullPointerException: Cannot invoke "org.openqa.selenium.WebElement.click()" because "webElement" is null&#13;
	at utils.ElementUtils.clickOnElement(ElementUtils.java:24)&#13;
	at pages.HomePage.clickOnMyAccount(HomePage.java:47)&#13;
	at stepDefinitions.Login.user_has_navigated_to_login_page(Login.java:23)&#13;
	at ✽.User has navigated to login page(file:///C:/Users/Shuvo/Desktop/OpenCartCucumberJunitPOM/OpenCart/src/test/resources/features/Login.feature:4)&#13;
&#13;
java.lang.NullPointerException: Cannot invoke "org.openqa.selenium.TakesScreenshot.getScreenshotAs(org.openqa.selenium.OutputType)" because "this.driver" is null&#13;
	at hooks.ProjectHooks.tearDown(ProjectHooks.java:36)&#13;
&#13;
</error>
      </testcase>
      <testcase name="Login with valid credentials #2" classname="Login Functionality" time="0.097">
        <error>java.lang.NullPointerException: Cannot invoke "org.openqa.selenium.WebElement.click()" because "webElement" is null&#13;
	at utils.ElementUtils.clickOnElement(ElementUtils.java:24)&#13;
	at pages.HomePage.clickOnMyAccount(HomePage.java:47)&#13;
	at stepDefinitions.Login.user_has_navigated_to_login_page(Login.java:23)&#13;
	at ✽.User has navigated to login page(file:///C:/Users/Shuvo/Desktop/OpenCartCucumberJunitPOM/OpenCart/src/test/resources/features/Login.feature:4)&#13;
&#13;
java.lang.NullPointerException: Cannot invoke "org.openqa.selenium.TakesScreenshot.getScreenshotAs(org.openqa.selenium.OutputType)" because "this.driver" is null&#13;
	at hooks.ProjectHooks.tearDown(ProjectHooks.java:36)&#13;
&#13;
</error>
      </testcase>
      <testcase name="Login with valid credentials #3" classname="Login Functionality" time="0.037">
        <error>java.lang.NullPointerException: Cannot invoke "org.openqa.selenium.WebElement.click()" because "webElement" is null&#13;
	at utils.ElementUtils.clickOnElement(ElementUtils.java:24)&#13;
	at pages.HomePage.clickOnMyAccount(HomePage.java:47)&#13;
	at stepDefinitions.Login.user_has_navigated_to_login_page(Login.java:23)&#13;
	at ✽.User has navigated to login page(file:///C:/Users/Shuvo/Desktop/OpenCartCucumberJunitPOM/OpenCart/src/test/resources/features/Login.feature:4)&#13;
&#13;
java.lang.NullPointerException: Cannot invoke "org.openqa.selenium.TakesScreenshot.getScreenshotAs(org.openqa.selenium.OutputType)" because "this.driver" is null&#13;
	at hooks.ProjectHooks.tearDown(ProjectHooks.java:36)&#13;
&#13;
</error>
      </testcase>
      <testcase name="User logs in with registered credentials" classname="Login Functionality" time="0.032">
        <error>java.lang.NullPointerException: Cannot invoke "org.openqa.selenium.WebElement.click()" because "webElement" is null&#13;
	at utils.ElementUtils.clickOnElement(ElementUtils.java:24)&#13;
	at pages.HomePage.clickOnMyAccount(HomePage.java:47)&#13;
	at stepDefinitions.Login.user_has_navigated_to_login_page(Login.java:23)&#13;
	at ✽.User has navigated to login page(file:///C:/Users/Shuvo/Desktop/OpenCartCucumberJunitPOM/OpenCart/src/test/resources/features/Login.feature:17)&#13;
&#13;
java.lang.NullPointerException: Cannot invoke "org.openqa.selenium.TakesScreenshot.getScreenshotAs(org.openqa.selenium.OutputType)" because "this.driver" is null&#13;
	at hooks.ProjectHooks.tearDown(ProjectHooks.java:36)&#13;
&#13;
</error>
      </testcase>
      <testcase name="Login with invalid credentials" classname="Login Functionality" time="0.036">
        <error>java.lang.NullPointerException: Cannot invoke "org.openqa.selenium.WebElement.click()" because "webElement" is null&#13;
	at utils.ElementUtils.clickOnElement(ElementUtils.java:24)&#13;
	at pages.HomePage.clickOnMyAccount(HomePage.java:47)&#13;
	at stepDefinitions.Login.user_has_navigated_to_login_page(Login.java:23)&#13;
	at ✽.User has navigated to login page(file:///C:/Users/Shuvo/Desktop/OpenCartCucumberJunitPOM/OpenCart/src/test/resources/features/Login.feature:23)&#13;
&#13;
java.lang.NullPointerException: Cannot invoke "org.openqa.selenium.TakesScreenshot.getScreenshotAs(org.openqa.selenium.OutputType)" because "this.driver" is null&#13;
	at hooks.ProjectHooks.tearDown(ProjectHooks.java:36)&#13;
&#13;
</error>
      </testcase>
      <testcase name="Login with valid email and invalid password" classname="Login Functionality" time="0.039">
        <error>java.lang.NullPointerException: Cannot invoke "org.openqa.selenium.WebElement.click()" because "webElement" is null&#13;
	at utils.ElementUtils.clickOnElement(ElementUtils.java:24)&#13;
	at pages.HomePage.clickOnMyAccount(HomePage.java:47)&#13;
	at stepDefinitions.Login.user_has_navigated_to_login_page(Login.java:23)&#13;
	at ✽.User has navigated to login page(file:///C:/Users/Shuvo/Desktop/OpenCartCucumberJunitPOM/OpenCart/src/test/resources/features/Login.feature:30)&#13;
&#13;
java.lang.NullPointerException: Cannot invoke "org.openqa.selenium.TakesScreenshot.getScreenshotAs(org.openqa.selenium.OutputType)" because "this.driver" is null&#13;
	at hooks.ProjectHooks.tearDown(ProjectHooks.java:36)&#13;
&#13;
</error>
      </testcase>
      <testcase name="Login with invalid email and invalid password" classname="Login Functionality" time="0.034">
        <error>java.lang.NullPointerException: Cannot invoke "org.openqa.selenium.WebElement.click()" because "webElement" is null&#13;
	at utils.ElementUtils.clickOnElement(ElementUtils.java:24)&#13;
	at pages.HomePage.clickOnMyAccount(HomePage.java:47)&#13;
	at stepDefinitions.Login.user_has_navigated_to_login_page(Login.java:23)&#13;
	at ✽.User has navigated to login page(file:///C:/Users/Shuvo/Desktop/OpenCartCucumberJunitPOM/OpenCart/src/test/resources/features/Login.feature:37)&#13;
&#13;
java.lang.NullPointerException: Cannot invoke "org.openqa.selenium.TakesScreenshot.getScreenshotAs(org.openqa.selenium.OutputType)" because "this.driver" is null&#13;
	at hooks.ProjectHooks.tearDown(ProjectHooks.java:36)&#13;
&#13;
</error>
      </testcase>
      <testcase name="Login without providing any credentials" classname="Login Functionality" time="0.039">
        <error>java.lang.NullPointerException: Cannot invoke "org.openqa.selenium.WebElement.click()" because "webElement" is null&#13;
	at utils.ElementUtils.clickOnElement(ElementUtils.java:24)&#13;
	at pages.HomePage.clickOnMyAccount(HomePage.java:47)&#13;
	at stepDefinitions.Login.user_has_navigated_to_login_page(Login.java:23)&#13;
	at ✽.User has navigated to login page(file:///C:/Users/Shuvo/Desktop/OpenCartCucumberJunitPOM/OpenCart/src/test/resources/features/Login.feature:44)&#13;
&#13;
java.lang.NullPointerException: Cannot invoke "org.openqa.selenium.TakesScreenshot.getScreenshotAs(org.openqa.selenium.OutputType)" because "this.driver" is null&#13;
	at hooks.ProjectHooks.tearDown(ProjectHooks.java:36)&#13;
&#13;
</error>
      </testcase>
    </testsuite>
    <testsuite name="Registration functionality" time="0.238">
      <testcase name="User creates an account only with mandatory fields" classname="Registration functionality" time="0.042">
        <error>java.lang.NullPointerException: Cannot invoke "org.openqa.selenium.WebElement.click()" because "webElement" is null&#13;
	at utils.ElementUtils.clickOnElement(ElementUtils.java:24)&#13;
	at pages.HomePage.clickOnMyAccount(HomePage.java:47)&#13;
	at stepDefinitions.Register.user_navigates_to_register_account_page(Register.java:29)&#13;
	at ✽.User navigates to Register Account page(file:///C:/Users/Shuvo/Desktop/OpenCartCucumberJunitPOM/OpenCart/src/test/resources/features/Register.feature:4)&#13;
&#13;
java.lang.NullPointerException: Cannot invoke "org.openqa.selenium.TakesScreenshot.getScreenshotAs(org.openqa.selenium.OutputType)" because "this.driver" is null&#13;
	at hooks.ProjectHooks.tearDown(ProjectHooks.java:36)&#13;
&#13;
</error>
      </testcase>
      <testcase name="User creates an account with all fields" classname="Registration functionality" time="0.077">
        <error>java.lang.NullPointerException: Cannot invoke "org.openqa.selenium.WebElement.click()" because "webElement" is null&#13;
	at utils.ElementUtils.clickOnElement(ElementUtils.java:24)&#13;
	at pages.HomePage.clickOnMyAccount(HomePage.java:47)&#13;
	at stepDefinitions.Register.user_navigates_to_register_account_page(Register.java:29)&#13;
	at ✽.User navigates to Register Account page(file:///C:/Users/Shuvo/Desktop/OpenCartCucumberJunitPOM/OpenCart/src/test/resources/features/Register.feature:15)&#13;
&#13;
java.lang.NullPointerException: Cannot invoke "org.openqa.selenium.TakesScreenshot.getScreenshotAs(org.openqa.selenium.OutputType)" because "this.driver" is null&#13;
	at hooks.ProjectHooks.tearDown(ProjectHooks.java:36)&#13;
&#13;
</error>
      </testcase>
      <testcase name="User creates a duplicate account" classname="Registration functionality" time="0.083">
        <error>java.lang.NullPointerException: Cannot invoke "org.openqa.selenium.WebElement.click()" because "webElement" is null&#13;
	at utils.ElementUtils.clickOnElement(ElementUtils.java:24)&#13;
	at pages.HomePage.clickOnMyAccount(HomePage.java:47)&#13;
	at stepDefinitions.Register.user_navigates_to_register_account_page(Register.java:29)&#13;
	at ✽.User navigates to Register Account page(file:///C:/Users/Shuvo/Desktop/OpenCartCucumberJunitPOM/OpenCart/src/test/resources/features/Register.feature:27)&#13;
&#13;
java.lang.NullPointerException: Cannot invoke "org.openqa.selenium.TakesScreenshot.getScreenshotAs(org.openqa.selenium.OutputType)" because "this.driver" is null&#13;
	at hooks.ProjectHooks.tearDown(ProjectHooks.java:36)&#13;
&#13;
</error>
      </testcase>
      <testcase name="User creates an account without filling any details" classname="Registration functionality" time="0.029">
        <error>java.lang.NullPointerException: Cannot invoke "org.openqa.selenium.WebElement.click()" because "webElement" is null&#13;
	at utils.ElementUtils.clickOnElement(ElementUtils.java:24)&#13;
	at pages.HomePage.clickOnMyAccount(HomePage.java:47)&#13;
	at stepDefinitions.Register.user_navigates_to_register_account_page(Register.java:29)&#13;
	at ✽.User navigates to Register Account page(file:///C:/Users/Shuvo/Desktop/OpenCartCucumberJunitPOM/OpenCart/src/test/resources/features/Register.feature:40)&#13;
&#13;
java.lang.NullPointerException: Cannot invoke "org.openqa.selenium.TakesScreenshot.getScreenshotAs(org.openqa.selenium.OutputType)" because "this.driver" is null&#13;
	at hooks.ProjectHooks.tearDown(ProjectHooks.java:36)&#13;
&#13;
</error>
      </testcase>
    </testsuite>
  </testsuite>
</testrun>
